{"level":"error","timestamp":"2025-02-28T10:23:30.479Z"}
{"level":"error","timestamp":"2025-02-28T10:24:36.507Z"}
{"level":"error","timestamp":"2025-02-28T11:19:31.572Z"}
{"level":"error","timestamp":"2025-02-28T11:20:17.009Z"}
{"level":"error","timestamp":"2025-03-01T14:58:05.451Z"}
{"_message":"User validation failed","errors":{"password":{"kind":"regexp","message":"Password must have at least one uppercase letter, one lowercase letter, one number, and one special character","name":"ValidatorError","path":"password","properties":{"message":"Password must have at least one uppercase letter, one lowercase letter, one number, and one special character","path":"password","regexp":{},"type":"regexp","value":"$2a$10$pBO63.QrGl2NMTWMiJ0sfuk6kztIBoCl4uBpxcTqC60segshnjHR6"},"value":"$2a$10$pBO63.QrGl2NMTWMiJ0sfuk6kztIBoCl4uBpxcTqC60segshnjHR6"}},"level":"error","message":"User validation failed: password: Password must have at least one uppercase letter, one lowercase letter, one number, and one special character","name":"ValidationError","timestamp":"2025-03-01T14:59:11.546Z"}
{"level":"info","message":"User account deactivated successfully","timestamp":"2025-03-01T14:59:43.402Z"}
{"level":"info","message":"User account reactivated successfully","timestamp":"2025-03-01T15:12:48.291Z"}
{"level":"error","timestamp":"2025-03-07T05:02:37.036Z"}
{"_message":"Unit validation failed","errors":{"departments.0":{"kind":"[ObjectId]","message":"Cast to [ObjectId] failed for value \"[\\n' +\n  \"  'Sound',\\n\" +\n  \"  'Social Media',\\n\" +\n  \"  'Graphics Design',\\n\" +\n  \"  'Videography',\\n\" +\n  \"  'Graphics'\\n\" +\n  ']\" (type string) at path \"departments.0\" because of \"CastError\"","name":"CastError","path":"departments.0","reason":{"kind":"ObjectId","message":"Cast to ObjectId failed for value \"Sound\" (type string) at path \"departments\" because of \"BSONError\"","name":"CastError","path":"departments","reason":{},"stringValue":"\"Sound\"","value":"Sound","valueType":"string"},"stringValue":"\"[\\n' +\n  \"  'Sound',\\n\" +\n  \"  'Social Media',\\n\" +\n  \"  'Graphics Design',\\n\" +\n  \"  'Videography',\\n\" +\n  \"  'Graphics'\\n\" +\n  ']\"","value":"[\n  'Sound',\n  'Social Media',\n  'Graphics Design',\n  'Videography',\n  'Graphics'\n]","valueType":"string"}},"level":"error","message":"Unit validation failed: departments.0: Cast to [ObjectId] failed for value \"[\\n' +\n  \"  'Sound',\\n\" +\n  \"  'Social Media',\\n\" +\n  \"  'Graphics Design',\\n\" +\n  \"  'Videography',\\n\" +\n  \"  'Graphics'\\n\" +\n  ']\" (type string) at path \"departments.0\" because of \"CastError\"","name":"ValidationError","timestamp":"2025-03-07T05:31:57.917Z"}
{"level":"error","timestamp":"2025-03-07T05:37:03.742Z"}
{"level":"error","message":"Invalid authorization header","timestamp":"2025-03-11T10:48:01.636Z"}
{"level":"error","timestamp":"2025-03-22T15:54:50.634Z"}
{"code":11000,"index":0,"keyPattern":{"username":1},"keyValue":{"username":"zionns"},"level":"error","timestamp":"2025-03-22T15:59:01.584Z"}
{"level":"error","timestamp":"2025-03-22T15:59:52.535Z"}
{"level":"error","timestamp":"2025-03-22T16:01:57.324Z"}
{"_message":"User validation failed","errors":{"role":{"kind":"enum","message":"`67c184827d1becba54a71ade` is not a valid enum value for path `role`.","name":"ValidatorError","path":"role","properties":{"enumValues":["member","unitHead","admin"],"message":"`67c184827d1becba54a71ade` is not a valid enum value for path `role`.","path":"role","type":"enum","value":"67c184827d1becba54a71ade"},"value":"67c184827d1becba54a71ade"}},"level":"error","message":"User validation failed: role: `67c184827d1becba54a71ade` is not a valid enum value for path `role`.","name":"ValidationError","timestamp":"2025-03-22T16:05:53.816Z"}
{"level":"error","message":"Error sending private message: Cannot read properties of undefined (reading '_id')","stack":"TypeError: Cannot read properties of undefined (reading '_id')\n    at sendPrivateMessage (C:\\Users\\HP-PC\\Desktop\\Church\\Backend\\Controllers\\chatController.js:15:38)\n    at Layer.handle [as handle_request] (C:\\Users\\HP-PC\\Desktop\\Church\\Backend\\node_modules\\express\\lib\\router\\layer.js:95:5)\n    at next (C:\\Users\\HP-PC\\Desktop\\Church\\Backend\\node_modules\\express\\lib\\router\\route.js:149:13)\n    at verifyToken (C:\\Users\\HP-PC\\Desktop\\Church\\Backend\\Middlewares\\jwt.js:35:14)\n    at process.processTicksAndRejections (node:internal/process/task_queues:105:5)","timestamp":"2025-03-22T16:39:55.007Z"}
{"level":"error","message":"Error sending private message: Cannot read properties of undefined (reading 'id')","stack":"TypeError: Cannot read properties of undefined (reading 'id')\n    at sendPrivateMessage (C:\\Users\\HP-PC\\Desktop\\Church\\Backend\\Controllers\\chatController.js:15:38)\n    at Layer.handle [as handle_request] (C:\\Users\\HP-PC\\Desktop\\Church\\Backend\\node_modules\\express\\lib\\router\\layer.js:95:5)\n    at next (C:\\Users\\HP-PC\\Desktop\\Church\\Backend\\node_modules\\express\\lib\\router\\route.js:149:13)\n    at verifyToken (C:\\Users\\HP-PC\\Desktop\\Church\\Backend\\Middlewares\\jwt.js:35:14)\n    at process.processTicksAndRejections (node:internal/process/task_queues:105:5)","timestamp":"2025-03-22T16:40:58.452Z"}
{"level":"error","message":"Error sending private message: Chat.findOne is not a function","stack":"TypeError: Chat.findOne is not a function\n    at sendPrivateMessage (C:\\Users\\HP-PC\\Desktop\\Church\\Backend\\Controllers\\chatController.js:39:29)\n    at process.processTicksAndRejections (node:internal/process/task_queues:105:5)","timestamp":"2025-03-22T16:46:45.722Z"}
{"level":"error","message":"Error sending private message: Chat.findOne is not a function","stack":"TypeError: Chat.findOne is not a function\n    at sendPrivateMessage (C:\\Users\\HP-PC\\Desktop\\Church\\Backend\\Controllers\\chatController.js:39:29)\n    at process.processTicksAndRejections (node:internal/process/task_queues:105:5)","timestamp":"2025-03-22T16:47:58.569Z"}
{"level":"error","message":"Error sending private message: privateChat is not defined","stack":"ReferenceError: privateChat is not defined\n    at sendPrivateMessage (C:\\Users\\HP-PC\\Desktop\\Church\\Backend\\Controllers\\chatController.js:45:11)\n    at process.processTicksAndRejections (node:internal/process/task_queues:105:5)","timestamp":"2025-03-22T16:54:55.083Z"}
{"level":"error","message":"Error sending private message: privateChats is not a constructor","stack":"TypeError: privateChats is not a constructor\n    at sendPrivateMessage (C:\\Users\\HP-PC\\Desktop\\Church\\Backend\\Controllers\\chatController.js:45:26)\n    at process.processTicksAndRejections (node:internal/process/task_queues:105:5)","timestamp":"2025-03-22T16:56:51.308Z"}
{"level":"error","message":"Invalid authorization header","timestamp":"2025-03-25T11:35:42.105Z"}
{"level":"error","message":"No file provided","timestamp":"2025-03-29T11:15:44.603Z"}
{"level":"error","message":"No file provided","timestamp":"2025-03-29T11:21:15.750Z"}
{"level":"error","message":"No file provided","timestamp":"2025-03-29T11:22:55.729Z"}
{"level":"error","message":"Error logging in church: Operation `churches.findOne()` buffering timed out after 10000ms","stack":"MongooseError: Operation `churches.findOne()` buffering timed out after 10000ms\n    at Timeout.<anonymous> (C:\\Users\\HP-PC\\Desktop\\Church\\Backend\\node_modules\\mongoose\\lib\\drivers\\node-mongodb-native\\collection.js:185:23)\n    at listOnTimeout (node:internal/timers:594:17)\n    at process.processTimers (node:internal/timers:529:7)","timestamp":"2025-03-29T13:07:02.596Z"}
{"level":"error","message":"Invalid authorization header","timestamp":"2025-03-29T14:37:55.071Z"}
{"_message":"User validation failed","errors":{"userName":{"kind":"required","message":"Username is required","name":"ValidatorError","path":"userName","properties":{"message":"Username is required","path":"userName","type":"required"}}},"level":"error","message":"User validation failed: userName: Username is required","name":"ValidationError","timestamp":"2025-03-31T16:22:39.127Z"}
{"_message":"User validation failed","errors":{"userName":{"kind":"required","message":"Username is required","name":"ValidatorError","path":"userName","properties":{"message":"Username is required","path":"userName","type":"required"}}},"level":"error","message":"User validation failed: userName: Username is required","name":"ValidationError","timestamp":"2025-03-31T16:23:58.776Z"}
{"_message":"User validation failed","errors":{"userName":{"kind":"required","message":"Username is required","name":"ValidatorError","path":"userName","properties":{"message":"Username is required","path":"userName","type":"required"}}},"level":"error","message":"User validation failed: userName: Username is required","name":"ValidationError","timestamp":"2025-04-10T08:48:42.976Z"}
{"code":11000,"index":0,"keyPattern":{"username":1},"keyValue":{"username":null},"level":"error","timestamp":"2025-04-10T08:58:31.829Z"}
{"code":11000,"index":0,"keyPattern":{"username":1},"keyValue":{"username":null},"level":"error","timestamp":"2025-04-10T09:12:31.378Z"}
{"code":11000,"index":0,"keyPattern":{"username":1},"keyValue":{"username":null},"level":"error","timestamp":"2025-04-10T09:16:28.340Z"}
{"code":11000,"index":0,"keyPattern":{"username":1},"keyValue":{"username":null},"level":"error","timestamp":"2025-04-10T09:18:18.607Z"}
{"code":11000,"index":0,"keyPattern":{"username":1},"keyValue":{"username":null},"level":"error","timestamp":"2025-04-10T09:23:15.157Z"}
{"level":"error","message":"jwt is not defined","timestamp":"2025-04-16T01:41:21.512Z"}
{"level":"error","message":"Error logging in church: Cannot read properties of undefined (reading 'trim')","stack":"TypeError: Cannot read properties of undefined (reading 'trim')\n    at loginChurch (C:\\Users\\HP-PC\\Desktop\\Church\\Backend\\Controllers\\churchController.js:105:72)\n    at Layer.handle [as handle_request] (C:\\Users\\HP-PC\\Desktop\\Church\\Backend\\node_modules\\express\\lib\\router\\layer.js:95:5)\n    at next (C:\\Users\\HP-PC\\Desktop\\Church\\Backend\\node_modules\\express\\lib\\router\\route.js:149:13)\n    at Route.dispatch (C:\\Users\\HP-PC\\Desktop\\Church\\Backend\\node_modules\\express\\lib\\router\\route.js:119:3)\n    at Layer.handle [as handle_request] (C:\\Users\\HP-PC\\Desktop\\Church\\Backend\\node_modules\\express\\lib\\router\\layer.js:95:5)\n    at C:\\Users\\HP-PC\\Desktop\\Church\\Backend\\node_modules\\express\\lib\\router\\index.js:284:15\n    at Function.process_params (C:\\Users\\HP-PC\\Desktop\\Church\\Backend\\node_modules\\express\\lib\\router\\index.js:346:12)\n    at next (C:\\Users\\HP-PC\\Desktop\\Church\\Backend\\node_modules\\express\\lib\\router\\index.js:280:10)\n    at Function.handle (C:\\Users\\HP-PC\\Desktop\\Church\\Backend\\node_modules\\express\\lib\\router\\index.js:175:3)\n    at router (C:\\Users\\HP-PC\\Desktop\\Church\\Backend\\node_modules\\express\\lib\\router\\index.js:47:12)","timestamp":"2025-04-22T14:41:27.694Z"}
{"level":"error","message":"Error logging in church: Either user or church must be provided to sign a token.","stack":"Error: Either user or church must be provided to sign a token.\n    at Object.signJwt (C:\\Users\\HP-PC\\Desktop\\Church\\Backend\\Middlewares\\jwt.js:24:11)\n    at loginChurch (C:\\Users\\HP-PC\\Desktop\\Church\\Backend\\Controllers\\churchController.js:119:27)","timestamp":"2025-04-22T14:56:11.565Z"}
{"level":"error","message":"Error joining unit: Cannot read properties of undefined (reading 'length')","stack":"TypeError: Cannot read properties of undefined (reading 'length')\n    at joinUnit (C:\\Users\\HP-PC\\Desktop\\Church\\Backend\\Controllers\\unitController.js:18:29)\n    at process.processTicksAndRejections (node:internal/process/task_queues:95:5)","timestamp":"2025-05-15T10:42:38.274Z"}
{"level":"error","message":"Error joining unit: Cannot read properties of undefined (reading 'length')","stack":"TypeError: Cannot read properties of undefined (reading 'length')\n    at joinUnit (C:\\Users\\HP-PC\\Desktop\\Church\\Backend\\Controllers\\unitController.js:18:30)\n    at process.processTicksAndRejections (node:internal/process/task_queues:95:5)","timestamp":"2025-05-15T10:44:01.507Z"}
{"level":"error","message":"Error joining unit: Cannot read properties of undefined (reading 'length')","stack":"TypeError: Cannot read properties of undefined (reading 'length')\n    at joinUnit (C:\\Users\\HP-PC\\Desktop\\Church\\Backend\\Controllers\\unitController.js:18:30)\n    at process.processTicksAndRejections (node:internal/process/task_queues:95:5)","timestamp":"2025-05-15T10:45:52.320Z"}
{"level":"error","message":"Error joining unit: Cannot read properties of null (reading 'assignedUnits')","stack":"TypeError: Cannot read properties of null (reading 'assignedUnits')\n    at joinUnit (C:\\Users\\HP-PC\\Desktop\\Church\\Backend\\Controllers\\unitController.js:20:16)\n    at process.processTicksAndRejections (node:internal/process/task_queues:95:5)","timestamp":"2025-05-15T10:48:24.307Z"}
{"_message":"User validation failed","errors":{"password":{"kind":"regexp","message":"Password must have at least one uppercase letter, one lowercase letter, one number, and one special character","name":"ValidatorError","path":"password","properties":{"message":"Password must have at least one uppercase letter, one lowercase letter, one number, and one special character","path":"password","regexp":{},"type":"regexp","value":"$2a$10$m9PRs7QExfe773xAlDf.oeFjt7ig4gk6zE4nLauMTejXY9f3Ukscm"},"value":"$2a$10$m9PRs7QExfe773xAlDf.oeFjt7ig4gk6zE4nLauMTejXY9f3Ukscm"}},"level":"error","message":"Error joining unit: User validation failed: password: Password must have at least one uppercase letter, one lowercase letter, one number, and one special character","stack":"ValidationError: User validation failed: password: Password must have at least one uppercase letter, one lowercase letter, one number, and one special character\n    at Document.invalidate (C:\\Users\\HP-PC\\Desktop\\Church\\Backend\\node_modules\\mongoose\\lib\\document.js:3219:32)\n    at C:\\Users\\HP-PC\\Desktop\\Church\\Backend\\node_modules\\mongoose\\lib\\document.js:3012:17\n    at C:\\Users\\HP-PC\\Desktop\\Church\\Backend\\node_modules\\mongoose\\lib\\schematype.js:1368:9\n    at process.processTicksAndRejections (node:internal/process/task_queues:77:11)","timestamp":"2025-05-15T11:01:54.271Z"}
{"level":"error","message":"req.files.images is not iterable","timestamp":"2025-05-15T15:09:05.992Z"}
{"level":"error","message":"Error uploading image to Cloudinary","timestamp":"2025-05-15T15:18:13.629Z"}
{"level":"error","timestamp":"2025-05-15T16:40:47.363Z"}
{"code":11000,"index":0,"keyPattern":{"likes.user":1},"keyValue":{"likes.user":null},"level":"error","timestamp":"2025-05-15T16:41:07.631Z"}
{"code":11000,"index":0,"keyPattern":{"likes.user":1},"keyValue":{"likes.user":null},"level":"error","timestamp":"2025-05-15T16:43:46.118Z"}
{"code":11000,"index":0,"keyPattern":{"likes.user":1},"keyValue":{"likes.user":null},"level":"error","timestamp":"2025-05-15T16:51:24.836Z"}
{"level":"error","timestamp":"2025-05-15T16:58:17.307Z"}
{"level":"error","timestamp":"2025-05-15T17:26:15.431Z"}
{"level":"error","timestamp":"2025-05-15T17:29:14.698Z"}
{"level":"error","timestamp":"2025-05-15T19:48:52.299Z"}
{"level":"error","timestamp":"2025-05-15T19:57:11.010Z"}
{"level":"error","timestamp":"2025-05-15T19:59:42.974Z"}
{"level":"error","timestamp":"2025-05-15T20:02:07.456Z"}
{"level":"error","timestamp":"2025-05-15T20:03:32.171Z"}
{"level":"error","timestamp":"2025-05-15T20:06:21.460Z"}
{"level":"error","timestamp":"2025-05-15T20:57:21.229Z"}
{"kind":"ObjectId","message":"Cast to ObjectId failed for value \"undefined\" (type string) at path \"post\" for model \"Comment\"","name":"CastError","path":"post","reason":{},"stringValue":"\"undefined\"","value":"undefined","valueType":"string"}
{"level":"error","timestamp":"2025-05-16T01:28:17.275Z"}
{"level":"error","message":"getaddrinfo ENOTFOUND lfc-shard-00-00.nsufm.mongodb.net","timestamp":"2025-05-16T12:13:49.189Z"}
{"kind":"ObjectId","message":"Cast to ObjectId failed for value \"{\n  user: new ObjectId(\"68268d2c7259db5924486841\"),\n  text: 'Good',\n  image: null,\n  video: null,\n  createdAt: 2025-05-17T01:02:11.152Z,\n  parentCommentId: '6827aa06da977cb366e3e2fd'\n}\" (type Object) at path \"replies\" because of \"BSONError\"","name":"CastError","path":"replies","reason":{},"stringValue":"\"{\n  user: new ObjectId(\"68268d2c7259db5924486841\"),\n  text: 'Good',\n  image: null,\n  video: null,\n  createdAt: 2025-05-17T01:02:11.152Z,\n  parentCommentId: '6827aa06da977cb366e3e2fd'\n}\"","value":{"createdAt":"2025-05-17T01:02:11.152Z","image":null,"parentCommentId":"6827aa06da977cb366e3e2fd","text":"Good","user":"68268d2c7259db5924486841","video":null},"valueType":"Object"}
{"code":11000,"index":0,"keyPattern":{"likes.user":1},"keyValue":{"likes.user":null},"level":"error","timestamp":"2025-05-17T01:11:35.685Z"}
{"code":11000,"index":0,"keyPattern":{"likes.user":1},"keyValue":{"likes.user":null},"level":"error","timestamp":"2025-05-17T01:11:45.901Z"}
{"code":11000,"index":0,"keyPattern":{"likes.user":1},"keyValue":{"likes.user":null},"level":"error","timestamp":"2025-05-17T01:14:30.028Z"}
{"code":11000,"index":0,"keyPattern":{"likes.user":1},"keyValue":{"likes.user":null},"level":"error","timestamp":"2025-05-17T01:14:58.312Z"}
{"code":11000,"index":0,"keyPattern":{"likes.user":1},"keyValue":{"likes.user":null},"level":"error","timestamp":"2025-05-17T01:18:05.838Z"}
{"code":11000,"index":0,"keyPattern":{"unlikes.user":1},"keyValue":{"unlikes.user":null},"level":"error","timestamp":"2025-05-17T01:22:00.783Z"}
{"level":"error","message":"secretOrPrivateKey must have a value","timestamp":"2025-05-19T17:00:20.629Z"}
{"level":"error","message":"user.posts.save is not a function","timestamp":"2025-05-20T03:08:14.660Z"}
{"level":"error","message":"user.posts.save is not a function","timestamp":"2025-05-20T03:26:24.915Z"}
{"level":"error","message":"User validation failed: password: Password must have at least one uppercase letter, one lowercase letter, one number, and one special character","timestamp":"2025-05-20T03:32:06.729Z"}
{"level":"error","message":"Error uploading image to Cloudinary","timestamp":"2025-05-20T10:29:50.174Z"}
{"level":"error","message":"jwtDecode is not defined","timestamp":"2025-05-25T19:00:57.023Z"}
{"level":"error","message":"Cannot populate path `privateChats.lastMessage` because it is not in your schema. Set the `strictPopulate` option to false to override.","timestamp":"2025-05-27T23:44:45.694Z"}
{"level":"error","message":"Cannot populate path `privateChats.lastMessage` because it is not in your schema. Set the `strictPopulate` option to false to override.","timestamp":"2025-05-27T23:45:14.642Z"}
{"level":"error","message":"Cannot populate path `privateChats.lastMessage` because it is not in your schema. Set the `strictPopulate` option to false to override.","timestamp":"2025-05-27T23:47:22.991Z"}
{"level":"error","message":"Cannot populate path `privateChats.lastMessage` because it is not in your schema. Set the `strictPopulate` option to false to override.","timestamp":"2025-05-27T23:50:27.719Z"}
{"level":"error","message":"Cannot populate path `privateChats.lastMessage` because it is not in your schema. Set the `strictPopulate` option to false to override.","timestamp":"2025-05-27T23:54:09.947Z"}
{"level":"error","message":"Cannot populate path `privateChats.lastMessage` because it is not in your schema. Set the `strictPopulate` option to false to override.","timestamp":"2025-05-28T00:02:10.730Z"}
{"level":"error","message":"Cannot populate path `privateChats.lastMessage` because it is not in your schema. Set the `strictPopulate` option to false to override.","timestamp":"2025-05-28T00:03:49.647Z"}
{"level":"error","message":"Cannot populate path `privateChats.lastMessage` because it is not in your schema. Set the `strictPopulate` option to false to override.","timestamp":"2025-05-28T00:05:17.588Z"}
{"level":"error","message":"Cannot populate path `privateChats.lastMessage` because it is not in your schema. Set the `strictPopulate` option to false to override.","timestamp":"2025-05-28T00:07:23.357Z"}
{"level":"error","message":"Cannot populate path `privateChats.lastMessage` because it is not in your schema. Set the `strictPopulate` option to false to override.","timestamp":"2025-05-28T00:11:56.335Z"}
{"level":"error","message":"Cannot populate path `privateChats.lastMessage` because it is not in your schema. Set the `strictPopulate` option to false to override.","timestamp":"2025-05-28T00:15:03.176Z"}
{"level":"error","message":"Cannot populate path `privateChats.lastMessage` because it is not in your schema. Set the `strictPopulate` option to false to override.","timestamp":"2025-05-28T00:18:00.205Z"}
{"level":"error","message":"Cannot populate path `privateChats.lastMessage` because it is not in your schema. Set the `strictPopulate` option to false to override.","timestamp":"2025-05-28T00:19:22.403Z"}
{"level":"error","message":"Cannot populate path `privateChats.lastMessage` because it is not in your schema. Set the `strictPopulate` option to false to override.","timestamp":"2025-05-28T00:23:38.759Z"}
{"level":"error","message":"Post validation failed: content: Path `content` is required.","timestamp":"2025-05-29T20:42:08.549Z"}
{"level":"error","message":"Post validation failed: content: Path `content` is required.","timestamp":"2025-05-29T20:42:34.344Z"}
{"level":"error","timestamp":"2025-06-16T21:46:39.533Z"}
{"level":"error","timestamp":"2025-06-16T22:14:10.158Z"}
{"level":"error","timestamp":"2025-06-16T22:50:59.038Z"}
{"level":"error","timestamp":"2025-06-16T22:53:10.017Z"}
{"level":"error","timestamp":"2025-06-16T22:54:36.845Z"}
{"level":"error","timestamp":"2025-06-16T22:56:14.227Z"}
{"level":"error","timestamp":"2025-06-16T22:58:56.443Z"}
{"level":"error","message":"Post validation failed: content: Path `content` is required.","timestamp":"2025-06-17T10:48:11.904Z"}
{"level":"error","message":"Error creating post: Notification is not a constructor","timestamp":"2025-06-23T08:50:28.089Z"}
{"level":"error","message":"Error logging in church: Cannot access 'refreshToken' before initialization","stack":"ReferenceError: Cannot access 'refreshToken' before initialization\n    at loginChurch (C:\\Users\\HP-PC\\Desktop\\Church\\Backend\\Controllers\\churchController.js:132:10)","timestamp":"2025-06-24T14:32:49.748Z"}
{"level":"error","message":"Error logging in church: jwt.sign is not a function","stack":"TypeError: jwt.sign is not a function\n    at loginChurch (C:\\Users\\HP-PC\\Desktop\\Church\\Backend\\Controllers\\churchController.js:139:40)","timestamp":"2025-06-24T14:41:48.035Z"}
{"level":"error","message":"Error logging in church: Either user or church must be provided to sign a token.","stack":"Error: Either user or church must be provided to sign a token.\n    at Object.signJwt (C:\\Users\\HP-PC\\Desktop\\Church\\Backend\\Middlewares\\jwt.js:37:11)\n    at loginChurch (C:\\Users\\HP-PC\\Desktop\\Church\\Backend\\Controllers\\churchController.js:137:40)","timestamp":"2025-06-24T14:43:51.543Z"}
{"_message":"Church validation failed","errors":{"password":{"kind":"regexp","message":"Password must have at least one uppercase letter, one lowercase letter, one number, and one special character","name":"ValidatorError","path":"password","properties":{"message":"Password must have at least one uppercase letter, one lowercase letter, one number, and one special character","path":"password","regexp":{},"type":"regexp","value":"$2a$10$Jmg2pxQWGqcBI.buAh0bzurR1kgpqFzBKSe2IxGzJUww8g.AHaXLu"},"value":"$2a$10$Jmg2pxQWGqcBI.buAh0bzurR1kgpqFzBKSe2IxGzJUww8g.AHaXLu"}},"level":"error","message":"Church validation failed: password: Password must have at least one uppercase letter, one lowercase letter, one number, and one special character","name":"ValidationError","timestamp":"2025-06-26T14:13:57.800Z"}
{"_message":"Church validation failed","errors":{"password":{"kind":"regexp","message":"Password must have at least one uppercase letter, one lowercase letter, one number, and one special character","name":"ValidatorError","path":"password","properties":{"message":"Password must have at least one uppercase letter, one lowercase letter, one number, and one special character","path":"password","regexp":{},"type":"regexp","value":"$2a$10$ewxArtkv7YouFrPD56R/EOfkBmVFmwrTgwR8UXubn41hcNzeCbXrO"},"value":"$2a$10$ewxArtkv7YouFrPD56R/EOfkBmVFmwrTgwR8UXubn41hcNzeCbXrO"}},"level":"error","message":"Church validation failed: password: Password must have at least one uppercase letter, one lowercase letter, one number, and one special character","name":"ValidationError","timestamp":"2025-06-26T14:15:39.272Z"}
{"level":"error","timestamp":"2025-06-26T14:22:19.467Z"}
{"level":"error","timestamp":"2025-06-26T14:23:42.393Z"}
{"level":"error","timestamp":"2025-06-26T14:25:01.963Z"}
{"level":"error","timestamp":"2025-06-26T21:15:37.344Z"}
